Arguments: 
  /usr/local/bin/node /usr/local/bin/yarn

PATH: 
  /Library/Frameworks/Python.framework/Versions/3.10/bin:/Library/Frameworks/Python.framework/Versions/3.11/bin:/usr/local/bin:/usr/bin:/bin:/usr/sbin:/sbin:/Library/Apple/usr/bin:/Library/Frameworks/Python.framework/Versions/3.10/bin:/Library/Frameworks/Python.framework/Versions/3.11/bin

Yarn version: 
  1.22.19

Node version: 
  16.16.0

Platform: 
  darwin x64

Trace: 
  SyntaxError: /Users/edwingeorgelazer/Desktop/01 EDWIN/TECHNOLOGY/REACT-TEMPLATE/package.json: Unexpected token } in JSON at position 1670
      at JSON.parse (<anonymous>)
      at /usr/local/lib/node_modules/yarn/lib/cli.js:1629:59
      at Generator.next (<anonymous>)
      at step (/usr/local/lib/node_modules/yarn/lib/cli.js:310:30)
      at /usr/local/lib/node_modules/yarn/lib/cli.js:321:13

npm manifest: 
  {
    "name": "react-template",
    "version": "1.0.0",
    "description": "",
    "main": "index.js",
    "scripts": {
      "start": "webpack serve --config webpack/webpack.config.js --env env=dev",
      "build": "webpack --config webpack/webpack.config.js --env env=prod",
      "lint": "eslint --fix \"./src/*/**.{js,jsx,ts,tsx,json}\""
    },
    "keywords": [],
    "author": "",
    "license": "ISC",
    "dependencies": {
      "react": "^17.0.1",
      "react-dom": "^17.0.1"
    },
    "devDependencies": {
      "@babel/core": "^7.12.16",
      "@babel/plugin-transform-runtime": "^7.13.10",
      "@babel/preset-env": "^7.12.16",
      "@babel/preset-react": "^7.12.13",
      "@babel/preset-typescript": "^7.12.16",
      "@babel/runtime": "^7.13.10",
      "@pmmmwh/react-refresh-webpack-plugin": "^0.4.3",
      "@types/react": "^17.0.2",
      "@types/react-dom": "^17.0.1",
      "@typescript-eslint/eslint-plugin": "^4.15.0",
      "@typescript-eslint/parser": "^4.15.0",
      "babel-loader": "^8.2.2",
      "clean-webpack-plugin": "^3.0.0",
      "css-loader": "^5.0.2",
      "eslint": "^7.19.0",
      "eslint-config-prettier": "^7.2.0",
      "eslint-plugin-eslint-comments": "^3.2.0",
      "eslint-plugin-import": "^2.22.1",
      "eslint-plugin-jsx-a11y": "^6.4.1",
      "eslint-plugin-prettier": "^3.3.1",
      "eslint-plugin-react": "^7.22.0",
      "eslint-plugin-react-hooks": "^4.2.0",
      "html-webpack-plugin": "^5.1.0",
      "husky": "4",
      "lint-staged": "^10.5.4",
      "prettier": "^2.2.1",
      "react-refresh": "^0.9.0",
      "style-loader": "^2.0.0",
      "typescript": "^4.1.5",
      "webpack": "^5.21.2",
      "webpack-cli": "^4.5.0",
      "webpack-dev-server": "^3.11.2",
      "webpack-merge": "^5.7.3"
    },
  }

yarn manifest: 
  No manifest

Lockfile: 
  No lockfile
